2020-01-28 08:18:40.382 +01:00 [INF] MassWriteTest - Write 0 - 28/01/2020 08:18:40
2020-01-28 08:18:40.384 +01:00 [INF] MassWriteTest - Write 1 - 28/01/2020 08:18:40
2020-01-28 08:18:40.384 +01:00 [INF] MassWriteTest - Write 2 - 28/01/2020 08:18:40
2020-01-28 08:18:40.384 +01:00 [INF] MassWriteTest - Write 3 - 28/01/2020 08:18:40
2020-01-28 08:18:40.384 +01:00 [INF] MassWriteTest - Write 4 - 28/01/2020 08:18:40
2020-01-28 08:18:40.384 +01:00 [INF] MassWriteTest - Write 5 - 28/01/2020 08:18:40
2020-01-28 08:18:40.384 +01:00 [INF] MassWriteTest - Write 6 - 28/01/2020 08:18:40
2020-01-28 08:18:40.384 +01:00 [INF] MassWriteTest - Write 7 - 28/01/2020 08:18:40
2020-01-28 08:18:40.384 +01:00 [INF] MassWriteTest - Write 8 - 28/01/2020 08:18:40
2020-01-28 08:18:40.384 +01:00 [INF] MassWriteTest - Write 9 - 28/01/2020 08:18:40
2020-01-28 08:18:40.384 +01:00 [INF] MassWriteTest - Write 10 - 28/01/2020 08:18:40
2020-01-28 08:18:40.384 +01:00 [INF] MassWriteTest - Write 11 - 28/01/2020 08:18:40
2020-01-28 08:18:40.384 +01:00 [INF] MassWriteTest - Write 12 - 28/01/2020 08:18:40
2020-01-28 08:18:40.384 +01:00 [INF] MassWriteTest - Write 13 - 28/01/2020 08:18:40
2020-01-28 08:18:40.384 +01:00 [INF] MassWriteTest - Write 14 - 28/01/2020 08:18:40
2020-01-28 08:18:40.384 +01:00 [INF] MassWriteTest - Write 15 - 28/01/2020 08:18:40
2020-01-28 08:18:40.384 +01:00 [INF] MassWriteTest - Write 16 - 28/01/2020 08:18:40
2020-01-28 08:18:40.384 +01:00 [INF] MassWriteTest - Write 17 - 28/01/2020 08:18:40
2020-01-28 08:18:40.384 +01:00 [INF] MassWriteTest - Write 18 - 28/01/2020 08:18:40
2020-01-28 08:18:40.384 +01:00 [INF] MassWriteTest - Write 19 - 28/01/2020 08:18:40
2020-01-28 08:18:40.384 +01:00 [INF] MassWriteTest - Write 20 - 28/01/2020 08:18:40
2020-01-28 08:18:40.384 +01:00 [INF] MassWriteTest - Write 21 - 28/01/2020 08:18:40
2020-01-28 08:18:40.384 +01:00 [INF] MassWriteTest - Write 22 - 28/01/2020 08:18:40
2020-01-28 08:18:40.384 +01:00 [INF] MassWriteTest - Write 23 - 28/01/2020 08:18:40
2020-01-28 08:18:40.384 +01:00 [INF] MassWriteTest - Write 24 - 28/01/2020 08:18:40
2020-01-28 08:18:40.384 +01:00 [INF] MassWriteTest - Write 25 - 28/01/2020 08:18:40
2020-01-28 08:18:40.384 +01:00 [INF] MassWriteTest - Write 26 - 28/01/2020 08:18:40
2020-01-28 08:18:40.384 +01:00 [INF] MassWriteTest - Write 27 - 28/01/2020 08:18:40
2020-01-28 08:18:40.384 +01:00 [INF] MassWriteTest - Write 28 - 28/01/2020 08:18:40
2020-01-28 08:18:40.384 +01:00 [INF] MassWriteTest - Write 29 - 28/01/2020 08:18:40
2020-01-28 08:18:40.384 +01:00 [INF] MassWriteTest - Write 30 - 28/01/2020 08:18:40
2020-01-28 08:18:40.384 +01:00 [INF] MassWriteTest - Write 31 - 28/01/2020 08:18:40
2020-01-28 08:18:40.384 +01:00 [INF] MassWriteTest - Write 32 - 28/01/2020 08:18:40
2020-01-28 08:18:40.384 +01:00 [INF] MassWriteTest - Write 33 - 28/01/2020 08:18:40
2020-01-28 08:18:40.384 +01:00 [INF] MassWriteTest - Write 34 - 28/01/2020 08:18:40
2020-01-28 08:18:40.384 +01:00 [INF] MassWriteTest - Write 35 - 28/01/2020 08:18:40
2020-01-28 08:18:40.384 +01:00 [INF] MassWriteTest - Write 36 - 28/01/2020 08:18:40
2020-01-28 08:18:40.384 +01:00 [INF] MassWriteTest - Write 37 - 28/01/2020 08:18:40
2020-01-28 08:18:40.384 +01:00 [INF] MassWriteTest - Write 38 - 28/01/2020 08:18:40
2020-01-28 08:18:40.384 +01:00 [INF] MassWriteTest - Write 39 - 28/01/2020 08:18:40
2020-01-28 08:18:40.384 +01:00 [INF] MassWriteTest - Write 40 - 28/01/2020 08:18:40
2020-01-28 08:18:40.384 +01:00 [INF] MassWriteTest - Write 41 - 28/01/2020 08:18:40
2020-01-28 08:18:40.384 +01:00 [INF] MassWriteTest - Write 42 - 28/01/2020 08:18:40
2020-01-28 08:18:40.384 +01:00 [INF] MassWriteTest - Write 43 - 28/01/2020 08:18:40
2020-01-28 08:18:40.384 +01:00 [INF] MassWriteTest - Write 44 - 28/01/2020 08:18:40
2020-01-28 08:18:40.384 +01:00 [INF] MassWriteTest - Write 45 - 28/01/2020 08:18:40
2020-01-28 08:18:40.384 +01:00 [INF] MassWriteTest - Write 46 - 28/01/2020 08:18:40
2020-01-28 08:18:40.384 +01:00 [INF] MassWriteTest - Write 47 - 28/01/2020 08:18:40
2020-01-28 08:18:40.384 +01:00 [INF] MassWriteTest - Write 48 - 28/01/2020 08:18:40
2020-01-28 08:18:40.384 +01:00 [INF] MassWriteTest - Write 49 - 28/01/2020 08:18:40
2020-01-28 08:18:40.384 +01:00 [INF] MassWriteTest - Write 50 - 28/01/2020 08:18:40
2020-01-28 08:18:40.384 +01:00 [INF] MassWriteTest - Write 51 - 28/01/2020 08:18:40
2020-01-28 08:18:40.384 +01:00 [INF] MassWriteTest - Write 52 - 28/01/2020 08:18:40
2020-01-28 08:18:40.384 +01:00 [INF] MassWriteTest - Write 53 - 28/01/2020 08:18:40
2020-01-28 08:18:40.384 +01:00 [INF] MassWriteTest - Write 54 - 28/01/2020 08:18:40
2020-01-28 08:18:40.384 +01:00 [INF] MassWriteTest - Write 55 - 28/01/2020 08:18:40
2020-01-28 08:18:40.384 +01:00 [INF] MassWriteTest - Write 56 - 28/01/2020 08:18:40
2020-01-28 08:18:40.384 +01:00 [INF] MassWriteTest - Write 57 - 28/01/2020 08:18:40
2020-01-28 08:18:40.384 +01:00 [INF] MassWriteTest - Write 58 - 28/01/2020 08:18:40
2020-01-28 08:18:40.384 +01:00 [INF] MassWriteTest - Write 59 - 28/01/2020 08:18:40
2020-01-28 08:18:40.384 +01:00 [INF] MassWriteTest - Write 60 - 28/01/2020 08:18:40
2020-01-28 08:18:40.384 +01:00 [INF] MassWriteTest - Write 61 - 28/01/2020 08:18:40
2020-01-28 08:18:40.384 +01:00 [INF] MassWriteTest - Write 62 - 28/01/2020 08:18:40
2020-01-28 08:18:40.384 +01:00 [INF] MassWriteTest - Write 63 - 28/01/2020 08:18:40
2020-01-28 08:18:40.384 +01:00 [INF] MassWriteTest - Write 64 - 28/01/2020 08:18:40
2020-01-28 08:18:40.384 +01:00 [INF] MassWriteTest - Write 65 - 28/01/2020 08:18:40
2020-01-28 08:18:40.384 +01:00 [INF] MassWriteTest - Write 66 - 28/01/2020 08:18:40
2020-01-28 08:18:40.384 +01:00 [INF] MassWriteTest - Write 67 - 28/01/2020 08:18:40
2020-01-28 08:18:40.384 +01:00 [INF] MassWriteTest - Write 68 - 28/01/2020 08:18:40
2020-01-28 08:18:40.384 +01:00 [INF] MassWriteTest - Write 69 - 28/01/2020 08:18:40
2020-01-28 08:18:40.384 +01:00 [INF] MassWriteTest - Write 70 - 28/01/2020 08:18:40
2020-01-28 08:18:40.384 +01:00 [INF] MassWriteTest - Write 71 - 28/01/2020 08:18:40
2020-01-28 08:18:40.384 +01:00 [INF] MassWriteTest - Write 72 - 28/01/2020 08:18:40
2020-01-28 08:18:40.384 +01:00 [INF] MassWriteTest - Write 73 - 28/01/2020 08:18:40
2020-01-28 08:18:40.384 +01:00 [INF] MassWriteTest - Write 74 - 28/01/2020 08:18:40
2020-01-28 08:18:40.384 +01:00 [INF] MassWriteTest - Write 75 - 28/01/2020 08:18:40
2020-01-28 08:18:40.384 +01:00 [INF] MassWriteTest - Write 76 - 28/01/2020 08:18:40
2020-01-28 08:18:40.384 +01:00 [INF] MassWriteTest - Write 77 - 28/01/2020 08:18:40
2020-01-28 08:18:40.384 +01:00 [INF] MassWriteTest - Write 78 - 28/01/2020 08:18:40
2020-01-28 08:18:40.384 +01:00 [INF] MassWriteTest - Write 79 - 28/01/2020 08:18:40
2020-01-28 08:18:40.384 +01:00 [INF] MassWriteTest - Write 80 - 28/01/2020 08:18:40
2020-01-28 08:18:40.384 +01:00 [INF] MassWriteTest - Write 81 - 28/01/2020 08:18:40
2020-01-28 08:18:40.384 +01:00 [INF] MassWriteTest - Write 82 - 28/01/2020 08:18:40
2020-01-28 08:18:40.384 +01:00 [INF] MassWriteTest - Write 83 - 28/01/2020 08:18:40
2020-01-28 08:18:40.384 +01:00 [INF] MassWriteTest - Write 84 - 28/01/2020 08:18:40
2020-01-28 08:18:40.384 +01:00 [INF] MassWriteTest - Write 85 - 28/01/2020 08:18:40
2020-01-28 08:18:40.384 +01:00 [INF] MassWriteTest - Write 86 - 28/01/2020 08:18:40
2020-01-28 08:18:40.384 +01:00 [INF] MassWriteTest - Write 87 - 28/01/2020 08:18:40
2020-01-28 08:18:40.384 +01:00 [INF] MassWriteTest - Write 88 - 28/01/2020 08:18:40
2020-01-28 08:18:40.384 +01:00 [INF] MassWriteTest - Write 89 - 28/01/2020 08:18:40
2020-01-28 08:18:40.384 +01:00 [INF] MassWriteTest - Write 90 - 28/01/2020 08:18:40
2020-01-28 08:18:40.384 +01:00 [INF] MassWriteTest - Write 91 - 28/01/2020 08:18:40
2020-01-28 08:18:40.384 +01:00 [INF] MassWriteTest - Write 92 - 28/01/2020 08:18:40
2020-01-28 08:18:40.384 +01:00 [INF] MassWriteTest - Write 93 - 28/01/2020 08:18:40
2020-01-28 08:18:40.384 +01:00 [INF] MassWriteTest - Write 94 - 28/01/2020 08:18:40
2020-01-28 08:18:40.384 +01:00 [INF] MassWriteTest - Write 95 - 28/01/2020 08:18:40
2020-01-28 08:18:40.384 +01:00 [INF] MassWriteTest - Write 96 - 28/01/2020 08:18:40
2020-01-28 08:18:40.384 +01:00 [INF] MassWriteTest - Write 97 - 28/01/2020 08:18:40
2020-01-28 08:18:40.384 +01:00 [INF] MassWriteTest - Write 98 - 28/01/2020 08:18:40
2020-01-28 08:18:40.384 +01:00 [INF] MassWriteTest - Write 99 - 28/01/2020 08:18:40
2020-01-28 08:19:18.222 +01:00 [INF] MassWriteTest - Write 0 - 28/01/2020 08:19:18
2020-01-28 08:19:18.223 +01:00 [INF] MassWriteTest - Write 1 - 28/01/2020 08:19:18
2020-01-28 08:19:18.223 +01:00 [INF] MassWriteTest - Write 2 - 28/01/2020 08:19:18
2020-01-28 08:19:18.223 +01:00 [INF] MassWriteTest - Write 3 - 28/01/2020 08:19:18
2020-01-28 08:19:18.223 +01:00 [INF] MassWriteTest - Write 4 - 28/01/2020 08:19:18
2020-01-28 08:19:18.223 +01:00 [INF] MassWriteTest - Write 5 - 28/01/2020 08:19:18
2020-01-28 08:19:18.223 +01:00 [INF] MassWriteTest - Write 6 - 28/01/2020 08:19:18
2020-01-28 08:19:18.223 +01:00 [INF] MassWriteTest - Write 7 - 28/01/2020 08:19:18
2020-01-28 08:19:18.223 +01:00 [INF] MassWriteTest - Write 8 - 28/01/2020 08:19:18
2020-01-28 08:19:18.223 +01:00 [INF] MassWriteTest - Write 9 - 28/01/2020 08:19:18
2020-01-28 08:19:18.223 +01:00 [INF] MassWriteTest - Write 10 - 28/01/2020 08:19:18
2020-01-28 08:19:18.223 +01:00 [INF] MassWriteTest - Write 11 - 28/01/2020 08:19:18
2020-01-28 08:19:18.223 +01:00 [INF] MassWriteTest - Write 12 - 28/01/2020 08:19:18
2020-01-28 08:19:18.223 +01:00 [INF] MassWriteTest - Write 13 - 28/01/2020 08:19:18
2020-01-28 08:19:18.223 +01:00 [INF] MassWriteTest - Write 14 - 28/01/2020 08:19:18
2020-01-28 08:19:18.223 +01:00 [INF] MassWriteTest - Write 15 - 28/01/2020 08:19:18
2020-01-28 08:19:18.223 +01:00 [INF] MassWriteTest - Write 16 - 28/01/2020 08:19:18
2020-01-28 08:19:18.223 +01:00 [INF] MassWriteTest - Write 17 - 28/01/2020 08:19:18
2020-01-28 08:19:18.223 +01:00 [INF] MassWriteTest - Write 18 - 28/01/2020 08:19:18
2020-01-28 08:19:18.223 +01:00 [INF] MassWriteTest - Write 19 - 28/01/2020 08:19:18
2020-01-28 08:19:18.223 +01:00 [INF] MassWriteTest - Write 20 - 28/01/2020 08:19:18
2020-01-28 08:19:18.223 +01:00 [INF] MassWriteTest - Write 21 - 28/01/2020 08:19:18
2020-01-28 08:19:18.223 +01:00 [INF] MassWriteTest - Write 22 - 28/01/2020 08:19:18
2020-01-28 08:19:18.223 +01:00 [INF] MassWriteTest - Write 23 - 28/01/2020 08:19:18
2020-01-28 08:19:18.223 +01:00 [INF] MassWriteTest - Write 24 - 28/01/2020 08:19:18
2020-01-28 08:19:18.223 +01:00 [INF] MassWriteTest - Write 25 - 28/01/2020 08:19:18
2020-01-28 08:19:18.223 +01:00 [INF] MassWriteTest - Write 26 - 28/01/2020 08:19:18
2020-01-28 08:19:18.223 +01:00 [INF] MassWriteTest - Write 27 - 28/01/2020 08:19:18
2020-01-28 08:19:18.223 +01:00 [INF] MassWriteTest - Write 28 - 28/01/2020 08:19:18
2020-01-28 08:19:18.223 +01:00 [INF] MassWriteTest - Write 29 - 28/01/2020 08:19:18
2020-01-28 08:19:18.223 +01:00 [INF] MassWriteTest - Write 30 - 28/01/2020 08:19:18
2020-01-28 08:19:18.223 +01:00 [INF] MassWriteTest - Write 31 - 28/01/2020 08:19:18
2020-01-28 08:19:18.223 +01:00 [INF] MassWriteTest - Write 32 - 28/01/2020 08:19:18
2020-01-28 08:19:18.223 +01:00 [INF] MassWriteTest - Write 33 - 28/01/2020 08:19:18
2020-01-28 08:19:18.223 +01:00 [INF] MassWriteTest - Write 34 - 28/01/2020 08:19:18
2020-01-28 08:19:18.223 +01:00 [INF] MassWriteTest - Write 35 - 28/01/2020 08:19:18
2020-01-28 08:19:18.223 +01:00 [INF] MassWriteTest - Write 36 - 28/01/2020 08:19:18
2020-01-28 08:19:18.223 +01:00 [INF] MassWriteTest - Write 37 - 28/01/2020 08:19:18
2020-01-28 08:19:18.223 +01:00 [INF] MassWriteTest - Write 38 - 28/01/2020 08:19:18
2020-01-28 08:19:18.223 +01:00 [INF] MassWriteTest - Write 39 - 28/01/2020 08:19:18
2020-01-28 08:19:18.223 +01:00 [INF] MassWriteTest - Write 40 - 28/01/2020 08:19:18
2020-01-28 08:19:18.223 +01:00 [INF] MassWriteTest - Write 41 - 28/01/2020 08:19:18
2020-01-28 08:19:18.223 +01:00 [INF] MassWriteTest - Write 42 - 28/01/2020 08:19:18
2020-01-28 08:19:18.223 +01:00 [INF] MassWriteTest - Write 43 - 28/01/2020 08:19:18
2020-01-28 08:19:18.223 +01:00 [INF] MassWriteTest - Write 44 - 28/01/2020 08:19:18
2020-01-28 08:19:18.223 +01:00 [INF] MassWriteTest - Write 45 - 28/01/2020 08:19:18
2020-01-28 08:19:18.223 +01:00 [INF] MassWriteTest - Write 46 - 28/01/2020 08:19:18
2020-01-28 08:19:18.223 +01:00 [INF] MassWriteTest - Write 47 - 28/01/2020 08:19:18
2020-01-28 08:19:18.223 +01:00 [INF] MassWriteTest - Write 48 - 28/01/2020 08:19:18
2020-01-28 08:19:18.223 +01:00 [INF] MassWriteTest - Write 49 - 28/01/2020 08:19:18
2020-01-28 08:19:18.223 +01:00 [INF] MassWriteTest - Write 50 - 28/01/2020 08:19:18
2020-01-28 08:19:18.223 +01:00 [INF] MassWriteTest - Write 51 - 28/01/2020 08:19:18
2020-01-28 08:19:18.223 +01:00 [INF] MassWriteTest - Write 52 - 28/01/2020 08:19:18
2020-01-28 08:19:18.223 +01:00 [INF] MassWriteTest - Write 53 - 28/01/2020 08:19:18
2020-01-28 08:19:18.223 +01:00 [INF] MassWriteTest - Write 54 - 28/01/2020 08:19:18
2020-01-28 08:19:18.223 +01:00 [INF] MassWriteTest - Write 55 - 28/01/2020 08:19:18
2020-01-28 08:19:18.223 +01:00 [INF] MassWriteTest - Write 56 - 28/01/2020 08:19:18
2020-01-28 08:19:18.223 +01:00 [INF] MassWriteTest - Write 57 - 28/01/2020 08:19:18
2020-01-28 08:19:18.223 +01:00 [INF] MassWriteTest - Write 58 - 28/01/2020 08:19:18
2020-01-28 08:19:18.223 +01:00 [INF] MassWriteTest - Write 59 - 28/01/2020 08:19:18
2020-01-28 08:19:18.223 +01:00 [INF] MassWriteTest - Write 60 - 28/01/2020 08:19:18
2020-01-28 08:19:18.223 +01:00 [INF] MassWriteTest - Write 61 - 28/01/2020 08:19:18
2020-01-28 08:19:18.223 +01:00 [INF] MassWriteTest - Write 62 - 28/01/2020 08:19:18
2020-01-28 08:19:18.223 +01:00 [INF] MassWriteTest - Write 63 - 28/01/2020 08:19:18
2020-01-28 08:19:18.223 +01:00 [INF] MassWriteTest - Write 64 - 28/01/2020 08:19:18
2020-01-28 08:19:18.223 +01:00 [INF] MassWriteTest - Write 65 - 28/01/2020 08:19:18
2020-01-28 08:19:18.223 +01:00 [INF] MassWriteTest - Write 66 - 28/01/2020 08:19:18
2020-01-28 08:19:18.223 +01:00 [INF] MassWriteTest - Write 67 - 28/01/2020 08:19:18
2020-01-28 08:19:18.223 +01:00 [INF] MassWriteTest - Write 68 - 28/01/2020 08:19:18
2020-01-28 08:19:18.223 +01:00 [INF] MassWriteTest - Write 69 - 28/01/2020 08:19:18
2020-01-28 08:19:18.223 +01:00 [INF] MassWriteTest - Write 70 - 28/01/2020 08:19:18
2020-01-28 08:19:18.223 +01:00 [INF] MassWriteTest - Write 71 - 28/01/2020 08:19:18
2020-01-28 08:19:18.223 +01:00 [INF] MassWriteTest - Write 72 - 28/01/2020 08:19:18
2020-01-28 08:19:18.223 +01:00 [INF] MassWriteTest - Write 73 - 28/01/2020 08:19:18
2020-01-28 08:19:18.223 +01:00 [INF] MassWriteTest - Write 74 - 28/01/2020 08:19:18
2020-01-28 08:19:18.223 +01:00 [INF] MassWriteTest - Write 75 - 28/01/2020 08:19:18
2020-01-28 08:19:18.223 +01:00 [INF] MassWriteTest - Write 76 - 28/01/2020 08:19:18
2020-01-28 08:19:18.223 +01:00 [INF] MassWriteTest - Write 77 - 28/01/2020 08:19:18
2020-01-28 08:19:18.223 +01:00 [INF] MassWriteTest - Write 78 - 28/01/2020 08:19:18
2020-01-28 08:19:18.223 +01:00 [INF] MassWriteTest - Write 79 - 28/01/2020 08:19:18
2020-01-28 08:19:18.223 +01:00 [INF] MassWriteTest - Write 80 - 28/01/2020 08:19:18
2020-01-28 08:19:18.223 +01:00 [INF] MassWriteTest - Write 81 - 28/01/2020 08:19:18
2020-01-28 08:19:18.223 +01:00 [INF] MassWriteTest - Write 82 - 28/01/2020 08:19:18
2020-01-28 08:19:18.223 +01:00 [INF] MassWriteTest - Write 83 - 28/01/2020 08:19:18
2020-01-28 08:19:18.223 +01:00 [INF] MassWriteTest - Write 84 - 28/01/2020 08:19:18
2020-01-28 08:19:18.223 +01:00 [INF] MassWriteTest - Write 85 - 28/01/2020 08:19:18
2020-01-28 08:19:18.223 +01:00 [INF] MassWriteTest - Write 86 - 28/01/2020 08:19:18
2020-01-28 08:19:18.223 +01:00 [INF] MassWriteTest - Write 87 - 28/01/2020 08:19:18
2020-01-28 08:19:18.223 +01:00 [INF] MassWriteTest - Write 88 - 28/01/2020 08:19:18
2020-01-28 08:19:18.223 +01:00 [INF] MassWriteTest - Write 89 - 28/01/2020 08:19:18
2020-01-28 08:19:18.223 +01:00 [INF] MassWriteTest - Write 90 - 28/01/2020 08:19:18
2020-01-28 08:19:18.223 +01:00 [INF] MassWriteTest - Write 91 - 28/01/2020 08:19:18
2020-01-28 08:19:18.223 +01:00 [INF] MassWriteTest - Write 92 - 28/01/2020 08:19:18
2020-01-28 08:19:18.223 +01:00 [INF] MassWriteTest - Write 93 - 28/01/2020 08:19:18
2020-01-28 08:19:18.223 +01:00 [INF] MassWriteTest - Write 94 - 28/01/2020 08:19:18
2020-01-28 08:19:18.223 +01:00 [INF] MassWriteTest - Write 95 - 28/01/2020 08:19:18
2020-01-28 08:19:18.223 +01:00 [INF] MassWriteTest - Write 96 - 28/01/2020 08:19:18
2020-01-28 08:19:18.223 +01:00 [INF] MassWriteTest - Write 97 - 28/01/2020 08:19:18
2020-01-28 08:19:18.224 +01:00 [INF] MassWriteTest - Write 98 - 28/01/2020 08:19:18
2020-01-28 08:19:18.224 +01:00 [INF] MassWriteTest - Write 99 - 28/01/2020 08:19:18
2020-01-28 08:19:39.781 +01:00 [INF] MassWriteTest - Write 0 - 28/01/2020 08:19:39
2020-01-28 08:19:39.783 +01:00 [INF] MassWriteTest - Write 1 - 28/01/2020 08:19:39
2020-01-28 08:19:39.783 +01:00 [INF] MassWriteTest - Write 2 - 28/01/2020 08:19:39
2020-01-28 08:19:39.783 +01:00 [INF] MassWriteTest - Write 3 - 28/01/2020 08:19:39
2020-01-28 08:19:39.783 +01:00 [INF] MassWriteTest - Write 4 - 28/01/2020 08:19:39
2020-01-28 08:19:39.783 +01:00 [INF] MassWriteTest - Write 5 - 28/01/2020 08:19:39
2020-01-28 08:19:39.783 +01:00 [INF] MassWriteTest - Write 6 - 28/01/2020 08:19:39
2020-01-28 08:19:39.783 +01:00 [INF] MassWriteTest - Write 7 - 28/01/2020 08:19:39
2020-01-28 08:19:39.783 +01:00 [INF] MassWriteTest - Write 8 - 28/01/2020 08:19:39
2020-01-28 08:19:39.783 +01:00 [INF] MassWriteTest - Write 9 - 28/01/2020 08:19:39
2020-01-28 08:19:39.783 +01:00 [INF] MassWriteTest - Write 10 - 28/01/2020 08:19:39
2020-01-28 08:19:39.783 +01:00 [INF] MassWriteTest - Write 11 - 28/01/2020 08:19:39
2020-01-28 08:19:39.783 +01:00 [INF] MassWriteTest - Write 12 - 28/01/2020 08:19:39
2020-01-28 08:19:39.783 +01:00 [INF] MassWriteTest - Write 13 - 28/01/2020 08:19:39
2020-01-28 08:19:39.783 +01:00 [INF] MassWriteTest - Write 14 - 28/01/2020 08:19:39
2020-01-28 08:19:39.783 +01:00 [INF] MassWriteTest - Write 15 - 28/01/2020 08:19:39
2020-01-28 08:19:39.783 +01:00 [INF] MassWriteTest - Write 16 - 28/01/2020 08:19:39
2020-01-28 08:19:39.783 +01:00 [INF] MassWriteTest - Write 17 - 28/01/2020 08:19:39
2020-01-28 08:19:39.783 +01:00 [INF] MassWriteTest - Write 18 - 28/01/2020 08:19:39
2020-01-28 08:19:39.783 +01:00 [INF] MassWriteTest - Write 19 - 28/01/2020 08:19:39
2020-01-28 08:19:39.783 +01:00 [INF] MassWriteTest - Write 20 - 28/01/2020 08:19:39
2020-01-28 08:19:39.783 +01:00 [INF] MassWriteTest - Write 21 - 28/01/2020 08:19:39
2020-01-28 08:19:39.783 +01:00 [INF] MassWriteTest - Write 22 - 28/01/2020 08:19:39
2020-01-28 08:19:39.783 +01:00 [INF] MassWriteTest - Write 23 - 28/01/2020 08:19:39
2020-01-28 08:19:39.783 +01:00 [INF] MassWriteTest - Write 24 - 28/01/2020 08:19:39
2020-01-28 08:19:39.783 +01:00 [INF] MassWriteTest - Write 25 - 28/01/2020 08:19:39
2020-01-28 08:19:39.783 +01:00 [INF] MassWriteTest - Write 26 - 28/01/2020 08:19:39
2020-01-28 08:19:39.783 +01:00 [INF] MassWriteTest - Write 27 - 28/01/2020 08:19:39
2020-01-28 08:19:39.783 +01:00 [INF] MassWriteTest - Write 28 - 28/01/2020 08:19:39
2020-01-28 08:19:39.783 +01:00 [INF] MassWriteTest - Write 29 - 28/01/2020 08:19:39
2020-01-28 08:19:39.783 +01:00 [INF] MassWriteTest - Write 30 - 28/01/2020 08:19:39
2020-01-28 08:19:39.783 +01:00 [INF] MassWriteTest - Write 31 - 28/01/2020 08:19:39
2020-01-28 08:19:39.783 +01:00 [INF] MassWriteTest - Write 32 - 28/01/2020 08:19:39
2020-01-28 08:19:39.783 +01:00 [INF] MassWriteTest - Write 33 - 28/01/2020 08:19:39
2020-01-28 08:19:39.783 +01:00 [INF] MassWriteTest - Write 34 - 28/01/2020 08:19:39
2020-01-28 08:19:39.783 +01:00 [INF] MassWriteTest - Write 35 - 28/01/2020 08:19:39
2020-01-28 08:19:39.783 +01:00 [INF] MassWriteTest - Write 36 - 28/01/2020 08:19:39
2020-01-28 08:19:39.783 +01:00 [INF] MassWriteTest - Write 37 - 28/01/2020 08:19:39
2020-01-28 08:19:39.783 +01:00 [INF] MassWriteTest - Write 38 - 28/01/2020 08:19:39
2020-01-28 08:19:39.783 +01:00 [INF] MassWriteTest - Write 39 - 28/01/2020 08:19:39
2020-01-28 08:19:39.783 +01:00 [INF] MassWriteTest - Write 40 - 28/01/2020 08:19:39
2020-01-28 08:19:39.783 +01:00 [INF] MassWriteTest - Write 41 - 28/01/2020 08:19:39
2020-01-28 08:19:39.783 +01:00 [INF] MassWriteTest - Write 42 - 28/01/2020 08:19:39
2020-01-28 08:19:39.783 +01:00 [INF] MassWriteTest - Write 43 - 28/01/2020 08:19:39
2020-01-28 08:19:39.783 +01:00 [INF] MassWriteTest - Write 44 - 28/01/2020 08:19:39
2020-01-28 08:19:39.783 +01:00 [INF] MassWriteTest - Write 45 - 28/01/2020 08:19:39
2020-01-28 08:19:39.783 +01:00 [INF] MassWriteTest - Write 46 - 28/01/2020 08:19:39
2020-01-28 08:19:39.783 +01:00 [INF] MassWriteTest - Write 47 - 28/01/2020 08:19:39
2020-01-28 08:19:39.783 +01:00 [INF] MassWriteTest - Write 48 - 28/01/2020 08:19:39
2020-01-28 08:19:39.783 +01:00 [INF] MassWriteTest - Write 49 - 28/01/2020 08:19:39
2020-01-28 08:19:39.783 +01:00 [INF] MassWriteTest - Write 50 - 28/01/2020 08:19:39
2020-01-28 08:19:39.783 +01:00 [INF] MassWriteTest - Write 51 - 28/01/2020 08:19:39
2020-01-28 08:19:39.783 +01:00 [INF] MassWriteTest - Write 52 - 28/01/2020 08:19:39
2020-01-28 08:19:39.783 +01:00 [INF] MassWriteTest - Write 53 - 28/01/2020 08:19:39
2020-01-28 08:19:39.783 +01:00 [INF] MassWriteTest - Write 54 - 28/01/2020 08:19:39
2020-01-28 08:19:39.783 +01:00 [INF] MassWriteTest - Write 55 - 28/01/2020 08:19:39
2020-01-28 08:19:39.783 +01:00 [INF] MassWriteTest - Write 56 - 28/01/2020 08:19:39
2020-01-28 08:19:39.783 +01:00 [INF] MassWriteTest - Write 57 - 28/01/2020 08:19:39
2020-01-28 08:19:39.783 +01:00 [INF] MassWriteTest - Write 58 - 28/01/2020 08:19:39
2020-01-28 08:19:39.783 +01:00 [INF] MassWriteTest - Write 59 - 28/01/2020 08:19:39
2020-01-28 08:19:39.783 +01:00 [INF] MassWriteTest - Write 60 - 28/01/2020 08:19:39
2020-01-28 08:19:39.783 +01:00 [INF] MassWriteTest - Write 61 - 28/01/2020 08:19:39
2020-01-28 08:19:39.783 +01:00 [INF] MassWriteTest - Write 62 - 28/01/2020 08:19:39
2020-01-28 08:19:39.783 +01:00 [INF] MassWriteTest - Write 63 - 28/01/2020 08:19:39
2020-01-28 08:19:39.783 +01:00 [INF] MassWriteTest - Write 64 - 28/01/2020 08:19:39
2020-01-28 08:19:39.783 +01:00 [INF] MassWriteTest - Write 65 - 28/01/2020 08:19:39
2020-01-28 08:19:39.783 +01:00 [INF] MassWriteTest - Write 66 - 28/01/2020 08:19:39
2020-01-28 08:19:39.783 +01:00 [INF] MassWriteTest - Write 67 - 28/01/2020 08:19:39
2020-01-28 08:19:39.783 +01:00 [INF] MassWriteTest - Write 68 - 28/01/2020 08:19:39
2020-01-28 08:19:39.783 +01:00 [INF] MassWriteTest - Write 69 - 28/01/2020 08:19:39
2020-01-28 08:19:39.783 +01:00 [INF] MassWriteTest - Write 70 - 28/01/2020 08:19:39
2020-01-28 08:19:39.783 +01:00 [INF] MassWriteTest - Write 71 - 28/01/2020 08:19:39
2020-01-28 08:19:39.783 +01:00 [INF] MassWriteTest - Write 72 - 28/01/2020 08:19:39
2020-01-28 08:19:39.783 +01:00 [INF] MassWriteTest - Write 73 - 28/01/2020 08:19:39
2020-01-28 08:19:39.783 +01:00 [INF] MassWriteTest - Write 74 - 28/01/2020 08:19:39
2020-01-28 08:19:39.783 +01:00 [INF] MassWriteTest - Write 75 - 28/01/2020 08:19:39
2020-01-28 08:19:39.783 +01:00 [INF] MassWriteTest - Write 76 - 28/01/2020 08:19:39
2020-01-28 08:19:39.783 +01:00 [INF] MassWriteTest - Write 77 - 28/01/2020 08:19:39
2020-01-28 08:19:39.783 +01:00 [INF] MassWriteTest - Write 78 - 28/01/2020 08:19:39
2020-01-28 08:19:39.783 +01:00 [INF] MassWriteTest - Write 79 - 28/01/2020 08:19:39
2020-01-28 08:19:39.783 +01:00 [INF] MassWriteTest - Write 80 - 28/01/2020 08:19:39
2020-01-28 08:19:39.783 +01:00 [INF] MassWriteTest - Write 81 - 28/01/2020 08:19:39
2020-01-28 08:19:39.783 +01:00 [INF] MassWriteTest - Write 82 - 28/01/2020 08:19:39
2020-01-28 08:19:39.783 +01:00 [INF] MassWriteTest - Write 83 - 28/01/2020 08:19:39
2020-01-28 08:19:39.783 +01:00 [INF] MassWriteTest - Write 84 - 28/01/2020 08:19:39
2020-01-28 08:19:39.783 +01:00 [INF] MassWriteTest - Write 85 - 28/01/2020 08:19:39
2020-01-28 08:19:39.783 +01:00 [INF] MassWriteTest - Write 86 - 28/01/2020 08:19:39
2020-01-28 08:19:39.783 +01:00 [INF] MassWriteTest - Write 87 - 28/01/2020 08:19:39
2020-01-28 08:19:39.783 +01:00 [INF] MassWriteTest - Write 88 - 28/01/2020 08:19:39
2020-01-28 08:19:39.783 +01:00 [INF] MassWriteTest - Write 89 - 28/01/2020 08:19:39
2020-01-28 08:19:39.783 +01:00 [INF] MassWriteTest - Write 90 - 28/01/2020 08:19:39
2020-01-28 08:19:39.783 +01:00 [INF] MassWriteTest - Write 91 - 28/01/2020 08:19:39
2020-01-28 08:19:39.783 +01:00 [INF] MassWriteTest - Write 92 - 28/01/2020 08:19:39
2020-01-28 08:19:39.783 +01:00 [INF] MassWriteTest - Write 93 - 28/01/2020 08:19:39
2020-01-28 08:19:39.783 +01:00 [INF] MassWriteTest - Write 94 - 28/01/2020 08:19:39
2020-01-28 08:19:39.783 +01:00 [INF] MassWriteTest - Write 95 - 28/01/2020 08:19:39
2020-01-28 08:19:39.783 +01:00 [INF] MassWriteTest - Write 96 - 28/01/2020 08:19:39
2020-01-28 08:19:39.783 +01:00 [INF] MassWriteTest - Write 97 - 28/01/2020 08:19:39
2020-01-28 08:19:39.783 +01:00 [INF] MassWriteTest - Write 98 - 28/01/2020 08:19:39
2020-01-28 08:19:39.783 +01:00 [INF] MassWriteTest - Write 99 - 28/01/2020 08:19:39
2020-01-28 10:28:48.984 +01:00 [ERR] System.Net.Internals.SocketExceptionFactory+ExtendedSocketException (10061): No connection could be made because the target machine actively refused it. [::ffff:127.0.0.1]:55555
   at System.Runtime.ExceptionServices.ExceptionDispatchInfo.Throw(Exception source)
   at System.Net.Sockets.Socket.EndConnect(IAsyncResult asyncResult)
   at System.Net.Sockets.TcpClient.EndConnect(IAsyncResult asyncResult)
   at PineappleLib.Networking.TCP.TcpLocal.ConnectCallback(IAsyncResult _result) in C:\Utveckling\ProjectPineapple\PineappleLib\Networking\TCP\TcpLocal.cs:line 39
2020-01-28 10:36:19.378 +01:00 [DBG] Starting server...
2020-01-28 10:36:19.381 +01:00 [DBG] Server started on port 55555.
2020-01-28 10:36:22.385 +01:00 [DBG] Starting server...
2020-01-28 10:36:22.398 +01:00 [ERR] System.Net.Sockets.SocketException (10048): Only one usage of each socket address (protocol/network address/port) is normally permitted.
   at System.Net.Sockets.Socket.UpdateStatusAfterSocketErrorAndThrowException(SocketError error, String callerName)
   at System.Net.Sockets.Socket.DoBind(EndPoint endPointSnapshot, SocketAddress socketAddress)
   at System.Net.Sockets.Socket.Bind(EndPoint localEP)
   at System.Net.Sockets.TcpListener.Start(Int32 backlog)
   at System.Net.Sockets.TcpListener.Start()
   at PineappleLib.Networking.Server.Start(Int32 _maxPlayers, Int32 _port) in C:\Utveckling\ProjectPineapple\PineappleLib\Networking\Server.cs:line 35
2020-01-28 10:38:06.077 +01:00 [DBG] Starting server...
2020-01-28 10:38:06.079 +01:00 [DBG] Server started on port 55555.
2020-01-28 10:38:09.073 +01:00 [DBG] Stopping server...
2020-01-28 10:38:09.092 +01:00 [DBG] Starting server...
2020-01-28 10:38:09.093 +01:00 [DBG] Server started on port 55555.
2020-01-28 10:38:09.096 +01:00 [DBG] Incoming connection from 127.0.0.1:52186...
2020-01-28 10:38:09.104 +01:00 [DBG] Stopping server...
2020-01-28 10:38:17.164 +01:00 [DBG] Starting server...
2020-01-28 10:38:17.167 +01:00 [DBG] Server started on port 55555.
2020-01-28 10:38:17.169 +01:00 [DBG] Incoming connection from 127.0.0.1:52190...
2020-01-28 10:38:17.178 +01:00 [DBG] Stopping server...
2020-01-28 10:39:43.786 +01:00 [DBG] Starting server...
2020-01-28 10:39:43.789 +01:00 [DBG] Server started on port 55555.
2020-01-28 10:39:43.791 +01:00 [DBG] Incoming connection from 127.0.0.1:52204...
2020-01-28 10:39:43.801 +01:00 [DBG] Stopping server...
2020-01-28 10:54:01.941 +01:00 [DBG] Starting server...
2020-01-28 10:54:01.944 +01:00 [DBG] Server started on port 55555.
2020-01-28 10:54:04.941 +01:00 [DBG] Incoming connection from 127.0.0.1:52267...
2020-01-28 10:55:25.925 +01:00 [DBG] Starting server...
2020-01-28 10:55:25.928 +01:00 [DBG] Server started on port 55555.
2020-01-28 10:55:28.940 +01:00 [DBG] Incoming connection from 127.0.0.1:52287...
2020-01-28 10:56:13.012 +01:00 [DBG] Starting server...
2020-01-28 10:56:13.015 +01:00 [DBG] Server started on port 55555.
2020-01-28 10:56:16.027 +01:00 [DBG] Incoming connection from 127.0.0.1:52294...
2020-01-28 11:02:45.475 +01:00 [DBG] Starting server...
2020-01-28 11:02:45.478 +01:00 [DBG] Server started on port 11111.
2020-01-28 11:02:45.478 +01:00 [DBG] Starting server...
2020-01-28 11:02:45.478 +01:00 [DBG] Server started on port 22222.
2020-01-28 11:02:45.478 +01:00 [DBG] Starting server...
2020-01-28 11:02:45.478 +01:00 [DBG] Server started on port 33333.
2020-01-28 11:03:26.236 +01:00 [DBG] Starting server...
2020-01-28 11:03:26.239 +01:00 [DBG] Server started on port 11111.
2020-01-28 11:03:26.239 +01:00 [DBG] Starting server...
2020-01-28 11:03:26.247 +01:00 [ERR] System.Net.Sockets.SocketException (10048): Only one usage of each socket address (protocol/network address/port) is normally permitted.
   at System.Net.Sockets.Socket.UpdateStatusAfterSocketErrorAndThrowException(SocketError error, String callerName)
   at System.Net.Sockets.Socket.DoBind(EndPoint endPointSnapshot, SocketAddress socketAddress)
   at System.Net.Sockets.Socket.Bind(EndPoint localEP)
   at System.Net.Sockets.TcpListener.Start(Int32 backlog)
   at System.Net.Sockets.TcpListener.Start()
   at PineappleLib.Networking.Server.Start(Int32 _maxPlayers, Int32 _port) in C:\Utveckling\ProjectPineapple\PineappleLib\Networking\Server.cs:line 38
2020-01-28 11:05:16.907 +01:00 [DBG] Starting server...
2020-01-28 11:05:16.910 +01:00 [DBG] Server started on port 55555.
2020-01-28 11:05:19.910 +01:00 [DBG] Starting server...
2020-01-28 11:05:19.911 +01:00 [DBG] Server started on port 11111.
2020-01-28 11:05:19.911 +01:00 [DBG] Starting server...
2020-01-28 11:05:19.914 +01:00 [ERR] System.Net.Sockets.SocketException (10048): Only one usage of each socket address (protocol/network address/port) is normally permitted.
   at System.Net.Sockets.Socket.UpdateStatusAfterSocketErrorAndThrowException(SocketError error, String callerName)
   at System.Net.Sockets.Socket.DoBind(EndPoint endPointSnapshot, SocketAddress socketAddress)
   at System.Net.Sockets.Socket.Bind(EndPoint localEP)
   at System.Net.Sockets.TcpListener.Start(Int32 backlog)
   at System.Net.Sockets.TcpListener.Start()
   at PineappleLib.Networking.Server.Start(Int32 _maxPlayers, Int32 _port) in C:\Utveckling\ProjectPineapple\PineappleLib\Networking\Server.cs:line 38
2020-01-28 11:05:19.929 +01:00 [DBG] Starting server...
2020-01-28 11:05:19.929 +01:00 [ERR] System.Net.Sockets.SocketException (10048): Only one usage of each socket address (protocol/network address/port) is normally permitted.
   at System.Net.Sockets.Socket.UpdateStatusAfterSocketErrorAndThrowException(SocketError error, String callerName)
   at System.Net.Sockets.Socket.DoBind(EndPoint endPointSnapshot, SocketAddress socketAddress)
   at System.Net.Sockets.Socket.Bind(EndPoint localEP)
   at System.Net.Sockets.TcpListener.Start(Int32 backlog)
   at System.Net.Sockets.TcpListener.Start()
   at PineappleLib.Networking.Server.Start(Int32 _maxPlayers, Int32 _port) in C:\Utveckling\ProjectPineapple\PineappleLib\Networking\Server.cs:line 38
2020-01-28 11:05:19.930 +01:00 [DBG] Starting server...
2020-01-28 11:05:19.930 +01:00 [ERR] System.Net.Sockets.SocketException (10048): Only one usage of each socket address (protocol/network address/port) is normally permitted.
   at System.Net.Sockets.Socket.UpdateStatusAfterSocketErrorAndThrowException(SocketError error, String callerName)
   at System.Net.Sockets.Socket.DoBind(EndPoint endPointSnapshot, SocketAddress socketAddress)
   at System.Net.Sockets.Socket.Bind(EndPoint localEP)
   at System.Net.Sockets.TcpListener.Start(Int32 backlog)
   at System.Net.Sockets.TcpListener.Start()
   at PineappleLib.Networking.Server.Start(Int32 _maxPlayers, Int32 _port) in C:\Utveckling\ProjectPineapple\PineappleLib\Networking\Server.cs:line 38
2020-01-28 13:06:48.642 +01:00 [DBG] Starting server...
2020-01-28 13:06:48.646 +01:00 [DBG] Server started on port 44444.
2020-01-28 13:06:48.646 +01:00 [DBG] Starting server...
2020-01-28 13:06:48.657 +01:00 [FTL] System.Net.Sockets.SocketException (10048): Only one usage of each socket address (protocol/network address/port) is normally permitted.
   at System.Net.Sockets.Socket.UpdateStatusAfterSocketErrorAndThrowException(SocketError error, String callerName)
   at System.Net.Sockets.Socket.DoBind(EndPoint endPointSnapshot, SocketAddress socketAddress)
   at System.Net.Sockets.Socket.Bind(EndPoint localEP)
   at System.Net.Sockets.TcpListener.Start(Int32 backlog)
   at System.Net.Sockets.TcpListener.Start()
   at PineappleLib.Networking.Server.Init(Int32 _maxPlayers, Int32 port) in C:\Utveckling\ProjectPineapple\PineappleLib\Networking\Server.cs:line 52
2020-01-28 13:07:18.995 +01:00 [DBG] Starting server...
2020-01-28 13:07:18.999 +01:00 [DBG] Server started on port 44444.
2020-01-28 13:07:18.999 +01:00 [DBG] Starting server...
2020-01-28 13:07:19.004 +01:00 [FTL] System.Net.Sockets.SocketException (10048): Only one usage of each socket address (protocol/network address/port) is normally permitted.
   at System.Net.Sockets.Socket.UpdateStatusAfterSocketErrorAndThrowException(SocketError error, String callerName)
   at System.Net.Sockets.Socket.DoBind(EndPoint endPointSnapshot, SocketAddress socketAddress)
   at System.Net.Sockets.Socket.Bind(EndPoint localEP)
   at System.Net.Sockets.TcpListener.Start(Int32 backlog)
   at System.Net.Sockets.TcpListener.Start()
   at PineappleLib.Networking.Server.Init(Int32 _maxPlayers, Int32 port) in C:\Utveckling\ProjectPineapple\PineappleLib\Networking\Server.cs:line 52
2020-01-28 13:09:04.641 +01:00 [DBG] Starting server...
2020-01-28 13:09:04.644 +01:00 [DBG] Server started on port 44444.
2020-01-28 13:09:04.645 +01:00 [DBG] Starting server...
2020-01-28 13:09:04.649 +01:00 [FTL] System.Net.Sockets.SocketException (10048): Only one usage of each socket address (protocol/network address/port) is normally permitted.
   at System.Net.Sockets.Socket.UpdateStatusAfterSocketErrorAndThrowException(SocketError error, String callerName)
   at System.Net.Sockets.Socket.DoBind(EndPoint endPointSnapshot, SocketAddress socketAddress)
   at System.Net.Sockets.Socket.Bind(EndPoint localEP)
   at System.Net.Sockets.TcpListener.Start(Int32 backlog)
   at System.Net.Sockets.TcpListener.Start()
   at PineappleLib.Networking.Server.Init(Int32 _maxPlayers, Int32 port) in C:\Utveckling\ProjectPineapple\PineappleLib\Networking\Server.cs:line 52
2020-01-28 13:17:09.954 +01:00 [DBG] Starting server...
2020-01-28 13:17:09.957 +01:00 [DBG] Server started on port 44444.
2020-01-28 13:17:09.958 +01:00 [DBG] Starting server...
2020-01-28 13:17:09.967 +01:00 [FTL] System.Net.Sockets.SocketException (10048): Only one usage of each socket address (protocol/network address/port) is normally permitted.
   at System.Net.Sockets.Socket.UpdateStatusAfterSocketErrorAndThrowException(SocketError error, String callerName)
   at System.Net.Sockets.Socket.DoBind(EndPoint endPointSnapshot, SocketAddress socketAddress)
   at System.Net.Sockets.Socket.Bind(EndPoint localEP)
   at System.Net.Sockets.TcpListener.Start(Int32 backlog)
   at System.Net.Sockets.TcpListener.Start()
   at PineappleLib.Networking.Server.Init(Int32 _maxPlayers, Int32 port) in C:\Utveckling\ProjectPineapple\PineappleLib\Networking\Server.cs:line 52
2020-01-28 13:17:52.425 +01:00 [DBG] Starting server...
2020-01-28 13:17:52.429 +01:00 [DBG] Server started on port 44444.
2020-01-28 13:17:52.430 +01:00 [DBG] Starting server...
2020-01-28 13:17:52.439 +01:00 [FTL] System.Net.Sockets.SocketException (10048): Only one usage of each socket address (protocol/network address/port) is normally permitted.
   at System.Net.Sockets.Socket.UpdateStatusAfterSocketErrorAndThrowException(SocketError error, String callerName)
   at System.Net.Sockets.Socket.DoBind(EndPoint endPointSnapshot, SocketAddress socketAddress)
   at System.Net.Sockets.Socket.Bind(EndPoint localEP)
   at System.Net.Sockets.TcpListener.Start(Int32 backlog)
   at System.Net.Sockets.TcpListener.Start()
   at PineappleLib.Networking.Server.Init(Int32 _maxPlayers, Int32 port) in C:\Utveckling\ProjectPineapple\PineappleLib\Networking\Server.cs:line 55
2020-01-28 13:19:50.672 +01:00 [DBG] Starting server...
2020-01-28 13:19:50.675 +01:00 [DBG] Server started on port 44444.
2020-01-28 13:19:50.676 +01:00 [DBG] Starting server...
2020-01-28 13:19:50.687 +01:00 [FTL] System.Net.Sockets.SocketException (10048): Only one usage of each socket address (protocol/network address/port) is normally permitted.
   at System.Net.Sockets.Socket.UpdateStatusAfterSocketErrorAndThrowException(SocketError error, String callerName)
   at System.Net.Sockets.Socket.DoBind(EndPoint endPointSnapshot, SocketAddress socketAddress)
   at System.Net.Sockets.Socket.Bind(EndPoint localEP)
   at System.Net.Sockets.TcpListener.Start(Int32 backlog)
   at System.Net.Sockets.TcpListener.Start()
   at PineappleLib.Networking.Server.Init(Int32 _maxPlayers, Int32 port) in C:\Utveckling\ProjectPineapple\PineappleLib\Networking\Server.cs:line 52
2020-01-28 13:19:50.687 +01:00 [DBG] Starting server...
2020-01-28 13:19:50.687 +01:00 [FTL] System.Net.Sockets.SocketException (10048): Only one usage of each socket address (protocol/network address/port) is normally permitted.
   at System.Net.Sockets.Socket.UpdateStatusAfterSocketErrorAndThrowException(SocketError error, String callerName)
   at System.Net.Sockets.Socket.DoBind(EndPoint endPointSnapshot, SocketAddress socketAddress)
   at System.Net.Sockets.Socket.Bind(EndPoint localEP)
   at System.Net.Sockets.TcpListener.Start(Int32 backlog)
   at System.Net.Sockets.TcpListener.Start()
   at PineappleLib.Networking.Server.Init(Int32 _maxPlayers, Int32 port) in C:\Utveckling\ProjectPineapple\PineappleLib\Networking\Server.cs:line 52
2020-01-28 13:19:50.694 +01:00 [DBG] Starting server...
2020-01-28 13:19:50.694 +01:00 [DBG] Starting server...
2020-01-28 13:19:50.694 +01:00 [FTL] System.Net.Sockets.SocketException (10048): Only one usage of each socket address (protocol/network address/port) is normally permitted.
   at System.Net.Sockets.Socket.UpdateStatusAfterSocketErrorAndThrowException(SocketError error, String callerName)
   at System.Net.Sockets.Socket.DoBind(EndPoint endPointSnapshot, SocketAddress socketAddress)
   at System.Net.Sockets.Socket.Bind(EndPoint localEP)
   at System.Net.Sockets.TcpListener.Start(Int32 backlog)
   at System.Net.Sockets.TcpListener.Start()
   at PineappleLib.Networking.Server.Init(Int32 _maxPlayers, Int32 port) in C:\Utveckling\ProjectPineapple\PineappleLib\Networking\Server.cs:line 52
2020-01-28 13:19:50.694 +01:00 [FTL] System.Net.Sockets.SocketException (10048): Only one usage of each socket address (protocol/network address/port) is normally permitted.
   at System.Net.Sockets.Socket.UpdateStatusAfterSocketErrorAndThrowException(SocketError error, String callerName)
   at System.Net.Sockets.Socket.DoBind(EndPoint endPointSnapshot, SocketAddress socketAddress)
   at System.Net.Sockets.Socket.Bind(EndPoint localEP)
   at System.Net.Sockets.TcpListener.Start(Int32 backlog)
   at System.Net.Sockets.TcpListener.Start()
   at PineappleLib.Networking.Server.Init(Int32 _maxPlayers, Int32 port) in C:\Utveckling\ProjectPineapple\PineappleLib\Networking\Server.cs:line 52
2020-01-28 13:20:12.434 +01:00 [DBG] Starting server...
2020-01-28 13:20:12.438 +01:00 [DBG] Server started on port 44444.
2020-01-28 13:20:12.438 +01:00 [DBG] Starting server...
2020-01-28 13:20:12.448 +01:00 [FTL] System.Net.Sockets.SocketException (10048): Only one usage of each socket address (protocol/network address/port) is normally permitted.
   at System.Net.Sockets.Socket.UpdateStatusAfterSocketErrorAndThrowException(SocketError error, String callerName)
   at System.Net.Sockets.Socket.DoBind(EndPoint endPointSnapshot, SocketAddress socketAddress)
   at System.Net.Sockets.Socket.Bind(EndPoint localEP)
   at System.Net.Sockets.TcpListener.Start(Int32 backlog)
   at System.Net.Sockets.TcpListener.Start()
   at PineappleLib.Networking.Server.Init(Int32 _maxPlayers, Int32 port) in C:\Utveckling\ProjectPineapple\PineappleLib\Networking\Server.cs:line 52
2020-01-28 13:23:29.894 +01:00 [DBG] Starting server...
2020-01-28 13:23:29.897 +01:00 [DBG] Server started on port 44444.
2020-01-28 13:23:29.897 +01:00 [DBG] Starting server...
2020-01-28 13:23:29.902 +01:00 [FTL] System.Net.Sockets.SocketException (10048): Only one usage of each socket address (protocol/network address/port) is normally permitted.
   at System.Net.Sockets.Socket.UpdateStatusAfterSocketErrorAndThrowException(SocketError error, String callerName)
   at System.Net.Sockets.Socket.DoBind(EndPoint endPointSnapshot, SocketAddress socketAddress)
   at System.Net.Sockets.Socket.Bind(EndPoint localEP)
   at System.Net.Sockets.TcpListener.Start(Int32 backlog)
   at System.Net.Sockets.TcpListener.Start()
   at PineappleLib.Networking.Server.Init(Int32 _maxPlayers, Int32 port) in C:\Utveckling\ProjectPineapple\PineappleLib\Networking\Server.cs:line 52
2020-01-28 13:23:29.902 +01:00 [DBG] Starting server...
2020-01-28 13:23:29.902 +01:00 [FTL] System.Net.Sockets.SocketException (10048): Only one usage of each socket address (protocol/network address/port) is normally permitted.
   at System.Net.Sockets.Socket.UpdateStatusAfterSocketErrorAndThrowException(SocketError error, String callerName)
   at System.Net.Sockets.Socket.DoBind(EndPoint endPointSnapshot, SocketAddress socketAddress)
   at System.Net.Sockets.Socket.Bind(EndPoint localEP)
   at System.Net.Sockets.TcpListener.Start(Int32 backlog)
   at System.Net.Sockets.TcpListener.Start()
   at PineappleLib.Networking.Server.Init(Int32 _maxPlayers, Int32 port) in C:\Utveckling\ProjectPineapple\PineappleLib\Networking\Server.cs:line 52
2020-01-28 13:23:29.907 +01:00 [DBG] Starting server...
2020-01-28 13:23:29.907 +01:00 [DBG] Starting server...
2020-01-28 13:23:29.908 +01:00 [FTL] System.Net.Sockets.SocketException (10048): Only one usage of each socket address (protocol/network address/port) is normally permitted.
   at System.Net.Sockets.Socket.UpdateStatusAfterSocketErrorAndThrowException(SocketError error, String callerName)
   at System.Net.Sockets.Socket.DoBind(EndPoint endPointSnapshot, SocketAddress socketAddress)
   at System.Net.Sockets.Socket.Bind(EndPoint localEP)
   at System.Net.Sockets.TcpListener.Start(Int32 backlog)
   at System.Net.Sockets.TcpListener.Start()
   at PineappleLib.Networking.Server.Init(Int32 _maxPlayers, Int32 port) in C:\Utveckling\ProjectPineapple\PineappleLib\Networking\Server.cs:line 52
2020-01-28 13:23:29.908 +01:00 [FTL] System.Net.Sockets.SocketException (10048): Only one usage of each socket address (protocol/network address/port) is normally permitted.
   at System.Net.Sockets.Socket.UpdateStatusAfterSocketErrorAndThrowException(SocketError error, String callerName)
   at System.Net.Sockets.Socket.DoBind(EndPoint endPointSnapshot, SocketAddress socketAddress)
   at System.Net.Sockets.Socket.Bind(EndPoint localEP)
   at System.Net.Sockets.TcpListener.Start(Int32 backlog)
   at System.Net.Sockets.TcpListener.Start()
   at PineappleLib.Networking.Server.Init(Int32 _maxPlayers, Int32 port) in C:\Utveckling\ProjectPineapple\PineappleLib\Networking\Server.cs:line 52
2020-01-28 13:23:37.300 +01:00 [DBG] Starting server...
2020-01-28 13:23:37.303 +01:00 [DBG] Server started on port 55555.
2020-01-28 13:23:40.320 +01:00 [DBG] Stopping server...
2020-01-28 13:23:40.340 +01:00 [DBG] Starting server...
2020-01-28 13:23:40.341 +01:00 [DBG] Server started on port 44444.
2020-01-28 13:23:40.342 +01:00 [DBG] Starting server...
2020-01-28 13:23:40.345 +01:00 [FTL] System.Net.Sockets.SocketException (10048): Only one usage of each socket address (protocol/network address/port) is normally permitted.
   at System.Net.Sockets.Socket.UpdateStatusAfterSocketErrorAndThrowException(SocketError error, String callerName)
   at System.Net.Sockets.Socket.DoBind(EndPoint endPointSnapshot, SocketAddress socketAddress)
   at System.Net.Sockets.Socket.Bind(EndPoint localEP)
   at System.Net.Sockets.TcpListener.Start(Int32 backlog)
   at System.Net.Sockets.TcpListener.Start()
   at PineappleLib.Networking.Server.Init(Int32 _maxPlayers, Int32 port) in C:\Utveckling\ProjectPineapple\PineappleLib\Networking\Server.cs:line 52
2020-01-28 13:23:40.346 +01:00 [DBG] Starting server...
2020-01-28 13:23:40.346 +01:00 [FTL] System.Net.Sockets.SocketException (10048): Only one usage of each socket address (protocol/network address/port) is normally permitted.
   at System.Net.Sockets.Socket.UpdateStatusAfterSocketErrorAndThrowException(SocketError error, String callerName)
   at System.Net.Sockets.Socket.DoBind(EndPoint endPointSnapshot, SocketAddress socketAddress)
   at System.Net.Sockets.Socket.Bind(EndPoint localEP)
   at System.Net.Sockets.TcpListener.Start(Int32 backlog)
   at System.Net.Sockets.TcpListener.Start()
   at PineappleLib.Networking.Server.Init(Int32 _maxPlayers, Int32 port) in C:\Utveckling\ProjectPineapple\PineappleLib\Networking\Server.cs:line 52
2020-01-28 13:23:40.348 +01:00 [DBG] Starting server...
2020-01-28 13:23:40.348 +01:00 [DBG] Starting server...
2020-01-28 13:23:40.348 +01:00 [FTL] System.Net.Sockets.SocketException (10048): Only one usage of each socket address (protocol/network address/port) is normally permitted.
   at System.Net.Sockets.Socket.UpdateStatusAfterSocketErrorAndThrowException(SocketError error, String callerName)
   at System.Net.Sockets.Socket.DoBind(EndPoint endPointSnapshot, SocketAddress socketAddress)
   at System.Net.Sockets.Socket.Bind(EndPoint localEP)
   at System.Net.Sockets.TcpListener.Start(Int32 backlog)
   at System.Net.Sockets.TcpListener.Start()
   at PineappleLib.Networking.Server.Init(Int32 _maxPlayers, Int32 port) in C:\Utveckling\ProjectPineapple\PineappleLib\Networking\Server.cs:line 52
2020-01-28 13:23:40.348 +01:00 [FTL] System.Net.Sockets.SocketException (10048): Only one usage of each socket address (protocol/network address/port) is normally permitted.
   at System.Net.Sockets.Socket.UpdateStatusAfterSocketErrorAndThrowException(SocketError error, String callerName)
   at System.Net.Sockets.Socket.DoBind(EndPoint endPointSnapshot, SocketAddress socketAddress)
   at System.Net.Sockets.Socket.Bind(EndPoint localEP)
   at System.Net.Sockets.TcpListener.Start(Int32 backlog)
   at System.Net.Sockets.TcpListener.Start()
   at PineappleLib.Networking.Server.Init(Int32 _maxPlayers, Int32 port) in C:\Utveckling\ProjectPineapple\PineappleLib\Networking\Server.cs:line 52
2020-01-28 13:24:01.969 +01:00 [DBG] Starting server...
2020-01-28 13:24:01.972 +01:00 [DBG] Server started on port 55555.
2020-01-28 13:24:04.976 +01:00 [DBG] Stopping server...
2020-01-28 13:24:04.997 +01:00 [DBG] Starting server...
2020-01-28 13:24:04.997 +01:00 [DBG] Starting server...
2020-01-28 13:24:04.998 +01:00 [DBG] Server started on port 44444.
2020-01-28 13:24:05.000 +01:00 [FTL] System.Net.Sockets.SocketException (10048): Only one usage of each socket address (protocol/network address/port) is normally permitted.
   at System.Net.Sockets.Socket.UpdateStatusAfterSocketErrorAndThrowException(SocketError error, String callerName)
   at System.Net.Sockets.Socket.DoBind(EndPoint endPointSnapshot, SocketAddress socketAddress)
   at System.Net.Sockets.Socket.Bind(EndPoint localEP)
   at System.Net.Sockets.TcpListener.Start(Int32 backlog)
   at System.Net.Sockets.TcpListener.Start()
   at PineappleLib.Networking.Server.Init(Int32 _maxPlayers, Int32 port) in C:\Utveckling\ProjectPineapple\PineappleLib\Networking\Server.cs:line 52
2020-01-28 13:24:27.929 +01:00 [DBG] Starting server...
2020-01-28 13:24:27.932 +01:00 [DBG] Server started on port 55555.
2020-01-28 13:24:30.963 +01:00 [DBG] Starting server...
2020-01-28 13:24:30.963 +01:00 [DBG] Starting server...
2020-01-28 13:24:30.964 +01:00 [DBG] Server started on port 44444.
2020-01-28 13:24:30.968 +01:00 [FTL] System.Net.Sockets.SocketException (10048): Only one usage of each socket address (protocol/network address/port) is normally permitted.
   at System.Net.Sockets.Socket.UpdateStatusAfterSocketErrorAndThrowException(SocketError error, String callerName)
   at System.Net.Sockets.Socket.DoBind(EndPoint endPointSnapshot, SocketAddress socketAddress)
   at System.Net.Sockets.Socket.Bind(EndPoint localEP)
   at System.Net.Sockets.TcpListener.Start(Int32 backlog)
   at System.Net.Sockets.TcpListener.Start()
   at PineappleLib.Networking.Server.Init(Int32 _maxPlayers, Int32 port) in C:\Utveckling\ProjectPineapple\PineappleLib\Networking\Server.cs:line 52
2020-01-28 13:24:34.029 +01:00 [DBG] Starting server...
2020-01-28 13:24:34.029 +01:00 [DBG] Server started on port 11111.
2020-01-28 13:24:34.029 +01:00 [DBG] Starting server...
2020-01-28 13:24:34.030 +01:00 [DBG] Server started on port 22222.
2020-01-28 13:24:34.030 +01:00 [DBG] Starting server...
2020-01-28 13:24:34.030 +01:00 [DBG] Server started on port 33333.
2020-01-28 13:24:37.053 +01:00 [DBG] Starting server...
2020-01-28 13:24:37.057 +01:00 [FTL] System.Net.Sockets.SocketException (10048): Only one usage of each socket address (protocol/network address/port) is normally permitted.
   at System.Net.Sockets.Socket.UpdateStatusAfterSocketErrorAndThrowException(SocketError error, String callerName)
   at System.Net.Sockets.Socket.DoBind(EndPoint endPointSnapshot, SocketAddress socketAddress)
   at System.Net.Sockets.Socket.Bind(EndPoint localEP)
   at System.Net.Sockets.TcpListener.Start(Int32 backlog)
   at System.Net.Sockets.TcpListener.Start()
   at PineappleLib.Networking.Server.Init(Int32 _maxPlayers, Int32 port) in C:\Utveckling\ProjectPineapple\PineappleLib\Networking\Server.cs:line 52
2020-01-28 13:25:13.108 +01:00 [DBG] Starting server...
2020-01-28 13:25:13.110 +01:00 [DBG] Server started on port 55555.
2020-01-28 13:25:16.133 +01:00 [DBG] Starting server...
2020-01-28 13:25:16.133 +01:00 [DBG] Starting server...
2020-01-28 13:25:16.137 +01:00 [FTL] System.InvalidOperationException: Not listening. You must call the Start() method before calling this method.
   at System.Net.Sockets.TcpListener.BeginAcceptTcpClient(AsyncCallback callback, Object state)
   at PineappleLib.Networking.Server.Init(Int32 _maxPlayers, Int32 port) in C:\Utveckling\ProjectPineapple\PineappleLib\Networking\Server.cs:line 53
2020-01-28 13:25:16.137 +01:00 [FTL] System.Net.Sockets.SocketException (10048): Only one usage of each socket address (protocol/network address/port) is normally permitted.
   at System.Net.Sockets.Socket.UpdateStatusAfterSocketErrorAndThrowException(SocketError error, String callerName)
   at System.Net.Sockets.Socket.DoBind(EndPoint endPointSnapshot, SocketAddress socketAddress)
   at System.Net.Sockets.Socket.Bind(EndPoint localEP)
   at System.Net.Sockets.TcpListener.Start(Int32 backlog)
   at System.Net.Sockets.TcpListener.Start()
   at PineappleLib.Networking.Server.Init(Int32 _maxPlayers, Int32 port) in C:\Utveckling\ProjectPineapple\PineappleLib\Networking\Server.cs:line 52
2020-01-28 13:25:19.177 +01:00 [DBG] Starting server...
2020-01-28 13:25:19.178 +01:00 [DBG] Server started on port 11111.
2020-01-28 13:25:19.178 +01:00 [DBG] Starting server...
2020-01-28 13:25:19.178 +01:00 [DBG] Server started on port 22222.
2020-01-28 13:25:19.180 +01:00 [DBG] Starting server...
2020-01-28 13:25:19.180 +01:00 [DBG] Server started on port 33333.
2020-01-28 13:25:22.196 +01:00 [DBG] Starting server...
2020-01-28 13:25:22.197 +01:00 [FTL] System.Net.Sockets.SocketException (10048): Only one usage of each socket address (protocol/network address/port) is normally permitted.
   at System.Net.Sockets.Socket.UpdateStatusAfterSocketErrorAndThrowException(SocketError error, String callerName)
   at System.Net.Sockets.Socket.DoBind(EndPoint endPointSnapshot, SocketAddress socketAddress)
   at System.Net.Sockets.Socket.Bind(EndPoint localEP)
   at System.Net.Sockets.TcpListener.Start(Int32 backlog)
   at System.Net.Sockets.TcpListener.Start()
   at PineappleLib.Networking.Server.Init(Int32 _maxPlayers, Int32 port) in C:\Utveckling\ProjectPineapple\PineappleLib\Networking\Server.cs:line 52
