2020-01-29 08:38:51.890 +01:00 [DBG] Starting server...
2020-01-29 08:38:51.933 +01:00 [DBG] Server started on port 55555.
2020-01-29 08:38:59.691 +01:00 [DBG] Incoming connection from 127.0.0.1:54986...
2020-01-29 08:39:19.722 +01:00 [DBG] Starting server...
2020-01-29 08:40:27.002 +01:00 [DBG] Starting server...
2020-01-29 08:40:44.811 +01:00 [DBG] Starting server...
2020-01-29 08:40:44.839 +01:00 [DBG] Server started on port 11111.
2020-01-29 08:40:44.840 +01:00 [DBG] Starting server...
2020-01-29 08:40:44.840 +01:00 [DBG] Server started on port 22222.
2020-01-29 08:40:44.840 +01:00 [DBG] Starting server...
2020-01-29 08:40:44.840 +01:00 [DBG] Server started on port 33333.
2020-01-29 08:41:03.317 +01:00 [DBG] Starting server...
2020-01-29 08:41:03.345 +01:00 [DBG] Server started on port 55555.
2020-01-29 08:42:40.447 +01:00 [DBG] Starting server...
2020-01-29 08:42:40.474 +01:00 [DBG] Server started on port 55555.
2020-01-29 08:42:40.494 +01:00 [DBG] Incoming connection from 127.0.0.1:55042...
2020-01-29 08:42:51.496 +01:00 [DBG] Starting server...
2020-01-29 08:42:51.528 +01:00 [DBG] Server started on port 44444.
2020-01-29 08:42:51.561 +01:00 [FTL] System.Net.Sockets.SocketException (0x80004005): Only one usage of each socket address (protocol/network address/port) is normally permitted
   at System.Net.Sockets.Socket.DoBind(EndPoint endPointSnapshot, SocketAddress socketAddress)
   at System.Net.Sockets.Socket.Bind(EndPoint localEP)
   at System.Net.Sockets.TcpListener.Start(Int32 backlog)
   at System.Net.Sockets.TcpListener.Start()
   at PineappleLib.Networking.Server.Server.Start(Int32 port, Int32 _maxPlayers) in C:\Utveckling\ProjectPineapple\PineappleLib\Networking\Server\Server.cs:line 52
2020-01-29 08:43:29.014 +01:00 [DBG] Starting server...
2020-01-29 08:43:29.041 +01:00 [DBG] Server started on port 11111.
2020-01-29 08:43:29.042 +01:00 [DBG] Starting server...
2020-01-29 08:43:29.042 +01:00 [DBG] Server started on port 22222.
2020-01-29 08:43:29.042 +01:00 [DBG] Starting server...
2020-01-29 08:43:29.042 +01:00 [DBG] Server started on port 33333.
2020-01-29 08:43:40.320 +01:00 [DBG] Starting server...
2020-01-29 08:43:40.348 +01:00 [DBG] Server started on port 55555.
2020-01-29 08:43:53.223 +01:00 [DBG] Starting server...
2020-01-29 08:43:53.251 +01:00 [DBG] Server started on port 55555.
2020-01-29 08:43:56.262 +01:00 [DBG] Starting server...
2020-01-29 08:43:56.262 +01:00 [DBG] Starting server...
2020-01-29 08:43:56.271 +01:00 [DBG] Server started on port 44444.
2020-01-29 08:43:56.310 +01:00 [FTL] System.Net.Sockets.SocketException (0x80004005): Only one usage of each socket address (protocol/network address/port) is normally permitted
   at System.Net.Sockets.Socket.DoBind(EndPoint endPointSnapshot, SocketAddress socketAddress)
   at System.Net.Sockets.Socket.Bind(EndPoint localEP)
   at System.Net.Sockets.TcpListener.Start(Int32 backlog)
   at System.Net.Sockets.TcpListener.Start()
   at PineappleLib.Networking.Server.Server.Start(Int32 port, Int32 _maxPlayers) in C:\Utveckling\ProjectPineapple\PineappleLib\Networking\Server\Server.cs:line 52
2020-01-29 08:43:59.269 +01:00 [DBG] Starting server...
2020-01-29 08:43:59.269 +01:00 [DBG] Server started on port 11111.
2020-01-29 08:43:59.272 +01:00 [DBG] Starting server...
2020-01-29 08:43:59.272 +01:00 [DBG] Server started on port 22222.
2020-01-29 08:43:59.275 +01:00 [DBG] Starting server...
2020-01-29 08:43:59.276 +01:00 [DBG] Server started on port 33333.
2020-01-29 08:44:02.289 +01:00 [DBG] Starting server...
2020-01-29 08:44:02.291 +01:00 [FTL] System.Net.Sockets.SocketException (0x80004005): Only one usage of each socket address (protocol/network address/port) is normally permitted
   at System.Net.Sockets.Socket.DoBind(EndPoint endPointSnapshot, SocketAddress socketAddress)
   at System.Net.Sockets.Socket.Bind(EndPoint localEP)
   at System.Net.Sockets.TcpListener.Start(Int32 backlog)
   at System.Net.Sockets.TcpListener.Start()
   at PineappleLib.Networking.Server.Server.Start(Int32 port, Int32 _maxPlayers) in C:\Utveckling\ProjectPineapple\PineappleLib\Networking\Server\Server.cs:line 52
2020-01-29 08:44:02.322 +01:00 [DBG] Incoming connection from 127.0.0.1:55057...
2020-01-29 11:14:25.009 +01:00 [DBG] Starting server...
2020-01-29 11:14:25.037 +01:00 [DBG] Server started on port 55555.
2020-01-29 11:14:28.058 +01:00 [DBG] Starting server...
2020-01-29 11:14:28.058 +01:00 [DBG] Starting server...
2020-01-29 11:14:28.064 +01:00 [DBG] Server started on port 44444.
2020-01-29 11:14:28.113 +01:00 [FTL] System.Net.Sockets.SocketException (0x80004005): Only one usage of each socket address (protocol/network address/port) is normally permitted
   at System.Net.Sockets.Socket.DoBind(EndPoint endPointSnapshot, SocketAddress socketAddress)
   at System.Net.Sockets.Socket.Bind(EndPoint localEP)
   at System.Net.Sockets.TcpListener.Start(Int32 backlog)
   at System.Net.Sockets.TcpListener.Start()
   at PineappleLib.Networking.Servers.Server.Start(Int32 port, Int32 _maxPlayers) in C:\Utveckling\ProjectPineapple\PineappleLib\Networking\Servers\Server.cs:line 55
2020-01-29 11:14:31.072 +01:00 [DBG] Starting server...
2020-01-29 11:14:31.073 +01:00 [DBG] Server started on port 11111.
2020-01-29 11:14:31.075 +01:00 [DBG] Starting server...
2020-01-29 11:14:31.075 +01:00 [DBG] Server started on port 22222.
2020-01-29 11:14:31.077 +01:00 [DBG] Starting server...
2020-01-29 11:14:31.078 +01:00 [DBG] Server started on port 33333.
2020-01-29 11:14:34.092 +01:00 [DBG] Starting server...
2020-01-29 11:14:34.107 +01:00 [FTL] System.Net.Sockets.SocketException (0x80004005): Only one usage of each socket address (protocol/network address/port) is normally permitted
   at System.Net.Sockets.Socket.DoBind(EndPoint endPointSnapshot, SocketAddress socketAddress)
   at System.Net.Sockets.Socket.Bind(EndPoint localEP)
   at System.Net.Sockets.TcpListener.Start(Int32 backlog)
   at System.Net.Sockets.TcpListener.Start()
   at PineappleLib.Networking.Servers.Server.Start(Int32 port, Int32 _maxPlayers) in C:\Utveckling\ProjectPineapple\PineappleLib\Networking\Servers\Server.cs:line 55
2020-01-29 11:15:46.916 +01:00 [DBG] Starting server...
2020-01-29 11:15:46.944 +01:00 [DBG] Server started on port 55555.
2020-01-29 11:15:46.964 +01:00 [DBG] Incoming connection from 127.0.0.1:55952...
2020-01-29 11:16:01.936 +01:00 [DBG] Starting server...
2020-01-29 11:16:01.965 +01:00 [DBG] Server started on port 55555.
2020-01-29 11:16:04.986 +01:00 [DBG] Starting server...
2020-01-29 11:16:04.986 +01:00 [DBG] Starting server...
2020-01-29 11:16:04.996 +01:00 [DBG] Server started on port 44444.
2020-01-29 11:16:05.045 +01:00 [FTL] System.Net.Sockets.SocketException (0x80004005): Only one usage of each socket address (protocol/network address/port) is normally permitted
   at System.Net.Sockets.Socket.DoBind(EndPoint endPointSnapshot, SocketAddress socketAddress)
   at System.Net.Sockets.Socket.Bind(EndPoint localEP)
   at System.Net.Sockets.TcpListener.Start(Int32 backlog)
   at System.Net.Sockets.TcpListener.Start()
   at PineappleLib.Networking.Servers.Server.Start(Int32 port, Int32 _maxPlayers) in C:\Utveckling\ProjectPineapple\PineappleLib\Networking\Servers\Server.cs:line 55
2020-01-29 11:16:08.001 +01:00 [DBG] Starting server...
2020-01-29 11:16:08.001 +01:00 [DBG] Server started on port 11111.
2020-01-29 11:16:08.003 +01:00 [DBG] Starting server...
2020-01-29 11:16:08.004 +01:00 [DBG] Server started on port 22222.
2020-01-29 11:16:08.007 +01:00 [DBG] Starting server...
2020-01-29 11:16:08.007 +01:00 [DBG] Server started on port 33333.
2020-01-29 11:16:11.025 +01:00 [DBG] Starting server...
2020-01-29 11:16:11.043 +01:00 [FTL] System.Net.Sockets.SocketException (0x80004005): Only one usage of each socket address (protocol/network address/port) is normally permitted
   at System.Net.Sockets.Socket.DoBind(EndPoint endPointSnapshot, SocketAddress socketAddress)
   at System.Net.Sockets.Socket.Bind(EndPoint localEP)
   at System.Net.Sockets.TcpListener.Start(Int32 backlog)
   at System.Net.Sockets.TcpListener.Start()
   at PineappleLib.Networking.Servers.Server.Start(Int32 port, Int32 _maxPlayers) in C:\Utveckling\ProjectPineapple\PineappleLib\Networking\Servers\Server.cs:line 55
2020-01-29 11:16:11.065 +01:00 [DBG] Incoming connection from 127.0.0.1:55957...
